
9월 13, 2018 13:44:32.39 NEW SESSION
9월 13, 2018 13:44:32.39 [4304:2916:0913/134432.393:ERROR:in_progress_cache_impl.cc(191)] Cache is not initialized, cannot RetrieveEntry.
9월 13, 2018 13:44:32.39 [4304:2916:0913/134432.393:ERROR:in_progress_cache_impl.cc(191)] Cache is not initialized, cannot RetrieveEntry.
9월 13, 2018 13:44:32.39 [4304:2916:0913/134432.393:ERROR:in_progress_cache_impl.cc(191)] Cache is not initialized, cannot RetrieveEntry.
9월 13, 2018 13:44:32.39 [4304:2916:0913/134432.393:ERROR:in_progress_cache_impl.cc(191)] Cache is not initialized, cannot RetrieveEntry.
9월 13, 2018 13:44:32.39 [4304:2916:0913/134432.393:ERROR:in_progress_cache_impl.cc(191)] Cache is not initialized, cannot RetrieveEntry.
9월 13, 2018 13:44:32.40 [4304:2916:0913/134432.393:ERROR:in_progress_cache_impl.cc(191)] Cache is not initialized, cannot RetrieveEntry.
9월 13, 2018 13:44:32.40 [4304:2916:0913/134432.393:ERROR:in_progress_cache_impl.cc(191)] Cache is not initialized, cannot RetrieveEntry.
9월 13, 2018 13:44:32.40 [4304:2916:0913/134432.393:ERROR:in_progress_cache_impl.cc(191)] Cache is not initialized, cannot RetrieveEntry.
9월 13, 2018 13:44:32.40 [4304:2916:0913/134432.393:ERROR:in_progress_cache_impl.cc(191)] Cache is not initialized, cannot RetrieveEntry.
9월 13, 2018 13:44:32.40 [4304:2916:0913/134432.393:ERROR:in_progress_cache_impl.cc(191)] Cache is not initialized, cannot RetrieveEntry.
9월 13, 2018 13:45:17.39 Unable to read VR Path Registry from C:\Users\student\AppData\Local\openvr\openvrpaths.vrpath
9월 13, 2018 15:50:25.55 [5156:5372:0913/155025.557:ERROR:in_progress_cache_impl.cc(191)] Cache is not initialized, cannot RetrieveEntry.
9월 13, 2018 15:50:25.55 [5156:5372:0913/155025.557:ERROR:in_progress_cache_impl.cc(191)] Cache is not initialized, cannot RetrieveEntry.
9월 13, 2018 15:50:25.55 [5156:5372:0913/155025.557:ERROR:in_progress_cache_impl.cc(191)] Cache is not initialized, cannot RetrieveEntry.
9월 13, 2018 15:50:25.55 [5156:5372:0913/155025.557:ERROR:in_progress_cache_impl.cc(191)] Cache is not initialized, cannot RetrieveEntry.
9월 13, 2018 15:50:25.55 [5156:5372:0913/155025.557:ERROR:in_progress_cache_impl.cc(191)] Cache is not initialized, cannot RetrieveEntry.
9월 13, 2018 15:50:25.55 [5156:5372:0913/155025.557:ERROR:in_progress_cache_impl.cc(191)] Cache is not initialized, cannot RetrieveEntry.
9월 13, 2018 15:50:25.55 [5156:5372:0913/155025.557:ERROR:in_progress_cache_impl.cc(191)] Cache is not initialized, cannot RetrieveEntry.
9월 13, 2018 15:50:25.55 [5156:5372:0913/155025.557:ERROR:in_progress_cache_impl.cc(191)] Cache is not initialized, cannot RetrieveEntry.
9월 13, 2018 15:50:25.55 [5156:5372:0913/155025.557:ERROR:in_progress_cache_impl.cc(191)] Cache is not initialized, cannot RetrieveEntry.
9월 13, 2018 15:50:25.55 [5156:5372:0913/155025.557:ERROR:in_progress_cache_impl.cc(191)] Cache is not initialized, cannot RetrieveEntry.
9월 13, 2018 15:51:10.56 Unable to read VR Path Registry from C:\Users\student\AppData\Local\openvr\openvrpaths.vrpath
9월 13, 2018 16:50:16.87 [6020:4512:0913/165016.879:ERROR:in_progress_cache_impl.cc(191)] Cache is not initialized, cannot RetrieveEntry.
9월 13, 2018 16:50:16.88 [6020:4512:0913/165016.879:ERROR:in_progress_cache_impl.cc(191)] Cache is not initialized, cannot RetrieveEntry.
9월 13, 2018 16:50:16.88 [6020:4512:0913/165016.879:ERROR:in_progress_cache_impl.cc(191)] Cache is not initialized, cannot RetrieveEntry.
9월 13, 2018 16:50:16.88 [6020:4512:0913/165016.879:ERROR:in_progress_cache_impl.cc(191)] Cache is not initialized, cannot RetrieveEntry.
9월 13, 2018 16:50:16.88 [6020:4512:0913/165016.879:ERROR:in_progress_cache_impl.cc(191)] Cache is not initialized, cannot RetrieveEntry.
9월 13, 2018 16:50:16.88 [6020:4512:0913/165016.879:ERROR:in_progress_cache_impl.cc(191)] Cache is not initialized, cannot RetrieveEntry.
9월 13, 2018 16:50:16.88 [6020:4512:0913/165016.879:ERROR:in_progress_cache_impl.cc(191)] Cache is not initialized, cannot RetrieveEntry.
9월 13, 2018 16:50:16.88 [6020:4512:0913/165016.879:ERROR:in_progress_cache_impl.cc(191)] Cache is not initialized, cannot RetrieveEntry.
9월 13, 2018 16:50:16.89 [6020:4512:0913/165016.879:ERROR:in_progress_cache_impl.cc(191)] Cache is not initialized, cannot RetrieveEntry.
9월 13, 2018 16:50:16.89 [6020:4512:0913/165016.879:ERROR:in_progress_cache_impl.cc(191)] Cache is not initialized, cannot RetrieveEntry.
9월 13, 2018 16:51:01.86 Unable to read VR Path Registry from C:\Users\student\AppData\Local\openvr\openvrpaths.vrpath

9월 14, 2018 09:13:42.82 NEW SESSION
9월 14, 2018 09:13:42.82 [4756:4760:0914/091342.814:ERROR:in_progress_cache_impl.cc(191)] Cache is not initialized, cannot RetrieveEntry.
9월 14, 2018 09:13:42.87 [4756:4760:0914/091342.814:ERROR:in_progress_cache_impl.cc(191)] Cache is not initialized, cannot RetrieveEntry.
9월 14, 2018 09:13:42.87 [4756:4760:0914/091342.814:ERROR:in_progress_cache_impl.cc(191)] Cache is not initialized, cannot RetrieveEntry.
9월 14, 2018 09:13:42.87 [4756:4760:0914/091342.814:ERROR:in_progress_cache_impl.cc(191)] Cache is not initialized, cannot RetrieveEntry.
9월 14, 2018 09:13:42.87 [4756:4760:0914/091342.814:ERROR:in_progress_cache_impl.cc(191)] Cache is not initialized, cannot RetrieveEntry.
9월 14, 2018 09:13:42.89 [4756:4760:0914/091342.814:ERROR:in_progress_cache_impl.cc(191)] Cache is not initialized, cannot RetrieveEntry.
9월 14, 2018 09:13:42.89 [4756:4760:0914/091342.814:ERROR:in_progress_cache_impl.cc(191)] Cache is not initialized, cannot RetrieveEntry.
9월 14, 2018 09:13:42.89 [4756:4760:0914/091342.814:ERROR:in_progress_cache_impl.cc(191)] Cache is not initialized, cannot RetrieveEntry.
9월 14, 2018 09:13:42.89 [4756:4760:0914/091342.814:ERROR:in_progress_cache_impl.cc(191)] Cache is not initialized, cannot RetrieveEntry.
9월 14, 2018 09:13:42.91 [4756:4760:0914/091342.814:ERROR:in_progress_cache_impl.cc(191)] Cache is not initialized, cannot RetrieveEntry.
9월 14, 2018 09:14:59.08 Unable to read VR Path Registry from C:\Users\student\AppData\Local\openvr\openvrpaths.vrpath
9월 14, 2018 17:13:44.55 [5048:5700:0914/171344.557:ERROR:in_progress_cache_impl.cc(191)] Cache is not initialized, cannot RetrieveEntry.
9월 14, 2018 17:13:44.55 [5048:5700:0914/171344.557:ERROR:in_progress_cache_impl.cc(191)] Cache is not initialized, cannot RetrieveEntry.
9월 14, 2018 17:13:44.55 [5048:5700:0914/171344.557:ERROR:in_progress_cache_impl.cc(191)] Cache is not initialized, cannot RetrieveEntry.
9월 14, 2018 17:13:44.55 [5048:5700:0914/171344.557:ERROR:in_progress_cache_impl.cc(191)] Cache is not initialized, cannot RetrieveEntry.
9월 14, 2018 17:13:44.55 [5048:5700:0914/171344.557:ERROR:in_progress_cache_impl.cc(191)] Cache is not initialized, cannot RetrieveEntry.
9월 14, 2018 17:13:44.55 [5048:5700:0914/171344.557:ERROR:in_progress_cache_impl.cc(191)] Cache is not initialized, cannot RetrieveEntry.
9월 14, 2018 17:13:44.55 [5048:5700:0914/171344.557:ERROR:in_progress_cache_impl.cc(191)] Cache is not initialized, cannot RetrieveEntry.
9월 14, 2018 17:13:44.55 [5048:5700:0914/171344.557:ERROR:in_progress_cache_impl.cc(191)] Cache is not initialized, cannot RetrieveEntry.
9월 14, 2018 17:13:44.55 [5048:5700:0914/171344.557:ERROR:in_progress_cache_impl.cc(191)] Cache is not initialized, cannot RetrieveEntry.
9월 14, 2018 17:13:44.55 [5048:5700:0914/171344.557:ERROR:in_progress_cache_impl.cc(191)] Cache is not initialized, cannot RetrieveEntry.
9월 14, 2018 17:14:29.55 Unable to read VR Path Registry from C:\Users\student\AppData\Local\openvr\openvrpaths.vrpath
9월 14, 2018 17:48:33.30 [5048:3864:0914/174833.303:ERROR:platform_sensor_reader_win.cc(242)] NOT IMPLEMENTED
9월 14, 2018 17:48:39.23 [5048:4576:0914/174839.238:ERROR:audio_manager_base.cc(361)] Invalid audio output parameters received; using fake audio path: format: 0 channel_layout: 0 channels: 0 sample_rate: 0 frames_per_buffer: 0 effects: 0 mic_positions: 

9월 17, 2018 09:16:08.35 NEW SESSION
9월 17, 2018 09:16:08.35 Unable to read VR Path Registry from C:\Users\student\AppData\Local\openvr\openvrpaths.vrpath
9월 17, 2018 09:40:36.89 Unable to read VR Path Registry from C:\Users\student\AppData\Local\openvr\openvrpaths.vrpath

9월 17, 2018 10:47:38.79 NEW SESSION
9월 17, 2018 10:47:38.79 Unable to read VR Path Registry from C:\Users\student\AppData\Local\openvr\openvrpaths.vrpath
9월 17, 2018 10:49:06.70 Unable to read VR Path Registry from C:\Users\student\AppData\Local\openvr\openvrpaths.vrpath
9월 17, 2018 11:48:08.37 [4568:4708:0917/114808.371:ERROR:in_progress_cache_impl.cc(191)] Cache is not initialized, cannot RetrieveEntry.
9월 17, 2018 11:48:08.37 [4568:4708:0917/114808.371:ERROR:in_progress_cache_impl.cc(191)] Cache is not initialized, cannot RetrieveEntry.
9월 17, 2018 11:48:08.37 [4568:4708:0917/114808.371:ERROR:in_progress_cache_impl.cc(191)] Cache is not initialized, cannot RetrieveEntry.
9월 17, 2018 11:48:08.38 [4568:4708:0917/114808.371:ERROR:in_progress_cache_impl.cc(191)] Cache is not initialized, cannot RetrieveEntry.
9월 17, 2018 11:48:08.38 [4568:4708:0917/114808.371:ERROR:in_progress_cache_impl.cc(191)] Cache is not initialized, cannot RetrieveEntry.
9월 17, 2018 11:48:08.38 [4568:4708:0917/114808.371:ERROR:in_progress_cache_impl.cc(191)] Cache is not initialized, cannot RetrieveEntry.
9월 17, 2018 11:48:08.38 [4568:4708:0917/114808.371:ERROR:in_progress_cache_impl.cc(191)] Cache is not initialized, cannot RetrieveEntry.
9월 17, 2018 11:48:08.38 [4568:4708:0917/114808.371:ERROR:in_progress_cache_impl.cc(191)] Cache is not initialized, cannot RetrieveEntry.
9월 17, 2018 11:48:08.38 [4568:4708:0917/114808.371:ERROR:in_progress_cache_impl.cc(191)] Cache is not initialized, cannot RetrieveEntry.
9월 17, 2018 11:48:08.38 [4568:4708:0917/114808.371:ERROR:in_progress_cache_impl.cc(191)] Cache is not initialized, cannot RetrieveEntry.
9월 17, 2018 11:49:14.00 Unable to read VR Path Registry from C:\Users\student\AppData\Local\openvr\openvrpaths.vrpath
9월 17, 2018 13:50:43.25 Unable to read VR Path Registry from C:\Users\student\AppData\Local\openvr\openvrpaths.vrpath

9월 18, 2018 09:08:01.89 NEW SESSION
9월 18, 2018 09:08:01.89 Unable to read VR Path Registry from C:\Users\student\AppData\Local\openvr\openvrpaths.vrpath

9월 18, 2018 11:48:51.89 NEW SESSION
9월 18, 2018 11:48:51.89 Unable to read VR Path Registry from C:\Users\student\AppData\Local\openvr\openvrpaths.vrpath
9월 18, 2018 13:10:53.30 Unable to read VR Path Registry from C:\Users\student\AppData\Local\openvr\openvrpaths.vrpath
9월 18, 2018 13:13:50.94 Unable to read VR Path Registry from C:\Users\student\AppData\Local\openvr\openvrpaths.vrpath
9월 18, 2018 13:27:45.37 [4592:2024:0918/132745.372:ERROR:in_progress_cache_impl.cc(191)] Cache is not initialized, cannot RetrieveEntry.
9월 18, 2018 13:27:45.37 [4592:2024:0918/132745.372:ERROR:in_progress_cache_impl.cc(191)] Cache is not initialized, cannot RetrieveEntry.
9월 18, 2018 13:27:45.37 [4592:2024:0918/132745.372:ERROR:in_progress_cache_impl.cc(191)] Cache is not initialized, cannot RetrieveEntry.
9월 18, 2018 13:27:45.37 [4592:2024:0918/132745.372:ERROR:in_progress_cache_impl.cc(191)] Cache is not initialized, cannot RetrieveEntry.
9월 18, 2018 13:27:45.37 [4592:2024:0918/132745.372:ERROR:in_progress_cache_impl.cc(191)] Cache is not initialized, cannot RetrieveEntry.
9월 18, 2018 13:27:45.37 [4592:2024:0918/132745.372:ERROR:in_progress_cache_impl.cc(191)] Cache is not initialized, cannot RetrieveEntry.
9월 18, 2018 13:27:45.37 [4592:2024:0918/132745.372:ERROR:in_progress_cache_impl.cc(191)] Cache is not initialized, cannot RetrieveEntry.
9월 18, 2018 13:27:45.37 [4592:2024:0918/132745.372:ERROR:in_progress_cache_impl.cc(191)] Cache is not initialized, cannot RetrieveEntry.
9월 18, 2018 13:27:45.37 [4592:2024:0918/132745.372:ERROR:in_progress_cache_impl.cc(191)] Cache is not initialized, cannot RetrieveEntry.
9월 18, 2018 13:27:45.38 [4592:2024:0918/132745.372:ERROR:in_progress_cache_impl.cc(191)] Cache is not initialized, cannot RetrieveEntry.
9월 18, 2018 13:28:30.38 Unable to read VR Path Registry from C:\Users\student\AppData\Local\openvr\openvrpaths.vrpath

9월 19, 2018 17:26:37.58 NEW SESSION
9월 19, 2018 17:26:37.58 [5676:4212:0919/172637.578:ERROR:shader_disk_cache.cc(257)] Failed to create shader cache entry: -2
9월 19, 2018 17:26:37.58 [5676:4212:0919/172637.579:ERROR:shader_disk_cache.cc(257)] Failed to create shader cache entry: -2
9월 19, 2018 17:26:37.58 [5676:4212:0919/172637.579:ERROR:shader_disk_cache.cc(257)] Failed to create shader cache entry: -2
9월 19, 2018 17:26:38.44 [5676:4804:0919/172638.446:ERROR:audio_manager_base.cc(366)] Invalid audio output parameters received; using fake audio path: format: 0 channel_layout: 0 channels: 0 sample_rate: 0 frames_per_buffer: 0 effects: 0 mic_positions: 
9월 19, 2018 17:26:48.33 [5676:4212:0919/172648.336:ERROR:shader_disk_cache.cc(257)] Failed to create shader cache entry: -2

9월 20, 2018 09:38:57.09 NEW SESSION
9월 20, 2018 09:38:57.09 [3372:3512:0920/093857.085:ERROR:audio_manager_base.cc(366)] Invalid audio output parameters received; using fake audio path: format: 0 channel_layout: 0 channels: 0 sample_rate: 0 frames_per_buffer: 0 effects: 0 mic_positions: 
9월 20, 2018 09:56:40.05 [3372:3512:0920/095640.058:ERROR:audio_manager_base.cc(366)] Invalid audio output parameters received; using fake audio path: format: 0 channel_layout: 0 channels: 0 sample_rate: 0 frames_per_buffer: 0 effects: 0 mic_positions: 

9월 21, 2018 09:28:59.82 NEW SESSION
9월 21, 2018 09:28:59.82 [3340:5116:0921/092859.805:ERROR:in_progress_cache_impl.cc(192)] Cache is not initialized, cannot RetrieveEntry.
9월 21, 2018 09:28:59.86 [3340:5116:0921/092859.805:ERROR:in_progress_cache_impl.cc(192)] Cache is not initialized, cannot RetrieveEntry.
9월 21, 2018 09:28:59.86 [3340:5116:0921/092859.805:ERROR:in_progress_cache_impl.cc(192)] Cache is not initialized, cannot RetrieveEntry.
9월 21, 2018 09:28:59.87 [3340:5116:0921/092859.805:ERROR:in_progress_cache_impl.cc(192)] Cache is not initialized, cannot RetrieveEntry.
9월 21, 2018 09:28:59.87 [3340:5116:0921/092859.805:ERROR:in_progress_cache_impl.cc(192)] Cache is not initialized, cannot RetrieveEntry.
9월 21, 2018 09:28:59.87 [3340:5116:0921/092859.805:ERROR:in_progress_cache_impl.cc(192)] Cache is not initialized, cannot RetrieveEntry.
9월 21, 2018 09:28:59.87 [3340:5116:0921/092859.805:ERROR:in_progress_cache_impl.cc(192)] Cache is not initialized, cannot RetrieveEntry.
9월 21, 2018 09:28:59.87 [3340:5116:0921/092859.805:ERROR:in_progress_cache_impl.cc(192)] Cache is not initialized, cannot RetrieveEntry.
9월 21, 2018 09:28:59.87 [3340:5116:0921/092859.805:ERROR:in_progress_cache_impl.cc(192)] Cache is not initialized, cannot RetrieveEntry.
9월 21, 2018 09:28:59.87 [3340:5116:0921/092859.805:ERROR:in_progress_cache_impl.cc(192)] Cache is not initialized, cannot RetrieveEntry.
9월 21, 2018 09:28:59.87 [3340:5116:0921/092859.805:ERROR:in_progress_cache_impl.cc(192)] Cache is not initialized, cannot RetrieveEntry.
9월 21, 2018 09:28:59.87 [3340:5116:0921/092859.805:ERROR:in_progress_cache_impl.cc(192)] Cache is not initialized, cannot RetrieveEntry.
9월 21, 2018 13:08:23.68 [3340:2100:0921/130823.684:ERROR:audio_manager_base.cc(366)] Invalid audio output parameters received; using fake audio path: format: 0 channel_layout: 0 channels: 0 sample_rate: 0 frames_per_buffer: 0 effects: 0 mic_positions: 
9월 21, 2018 15:39:46.99 [3340:2100:0921/153946.992:ERROR:audio_manager_base.cc(366)] Invalid audio output parameters received; using fake audio path: format: 0 channel_layout: 0 channels: 0 sample_rate: 0 frames_per_buffer: 0 effects: 0 mic_positions: 
9월 21, 2018 16:45:53.43 [3340:4584:0921/164553.430:ERROR:shader_disk_cache.cc(257)] Failed to create shader cache entry: -2
9월 21, 2018 16:45:53.43 [3340:4584:0921/164553.430:ERROR:shader_disk_cache.cc(257)] Failed to create shader cache entry: -2
9월 21, 2018 16:49:43.31 [3340:4584:0921/164943.311:ERROR:shader_disk_cache.cc(257)] Failed to create shader cache entry: -2
