
8월 17, 2018 09:35:43.50 NEW SESSION
8월 17, 2018 09:35:43.50 Unable to read VR Path Registry from C:\Users\student\AppData\Local\openvr\openvrpaths.vrpath
8월 17, 2018 10:09:13.08 Unable to read VR Path Registry from C:\Users\student\AppData\Local\openvr\openvrpaths.vrpath
8월 17, 2018 10:24:35.88 [4392:3576:0817/102435.883:ERROR:in_progress_cache_impl.cc(191)] Cache is not initialized, cannot RetrieveEntry.
8월 17, 2018 10:24:35.88 [4392:3576:0817/102435.883:ERROR:in_progress_cache_impl.cc(191)] Cache is not initialized, cannot RetrieveEntry.
8월 17, 2018 10:24:35.88 [4392:3576:0817/102435.883:ERROR:in_progress_cache_impl.cc(191)] Cache is not initialized, cannot RetrieveEntry.
8월 17, 2018 10:25:18.31 [4392:4948:0817/102518.316:ERROR:shader_disk_cache.cc(237)] Failed to create shader cache entry: -2
8월 17, 2018 10:25:20.87 Unable to read VR Path Registry from C:\Users\student\AppData\Local\openvr\openvrpaths.vrpath

8월 17, 2018 10:32:11.75 NEW SESSION
8월 17, 2018 10:32:11.75 [676:4248:0817/103211.746:ERROR:in_progress_cache_impl.cc(191)] Cache is not initialized, cannot RetrieveEntry.
8월 17, 2018 10:32:11.75 [676:4248:0817/103211.746:ERROR:in_progress_cache_impl.cc(191)] Cache is not initialized, cannot RetrieveEntry.
8월 17, 2018 10:32:11.75 [676:4248:0817/103211.746:ERROR:in_progress_cache_impl.cc(191)] Cache is not initialized, cannot RetrieveEntry.
8월 17, 2018 10:32:56.74 Unable to read VR Path Registry from C:\Users\student\AppData\Local\openvr\openvrpaths.vrpath

8월 20, 2018 14:14:34.95 NEW SESSION
8월 20, 2018 14:14:34.95 Unable to read VR Path Registry from C:\Users\student\AppData\Local\openvr\openvrpaths.vrpath

8월 21, 2018 09:10:05.10 NEW SESSION
8월 21, 2018 09:10:05.10 Unable to read VR Path Registry from C:\Users\student\AppData\Local\openvr\openvrpaths.vrpath
8월 21, 2018 11:38:37.21 [3224:3220:0821/113837.212:ERROR:textfield.cc(1754)] NOT IMPLEMENTED

8월 24, 2018 16:35:45.33 NEW SESSION
8월 24, 2018 16:35:45.33 [6908:6424:0824/163545.309:ERROR:in_progress_cache_impl.cc(191)] Cache is not initialized, cannot RetrieveEntry.
8월 24, 2018 16:35:45.36 [6908:6424:0824/163545.309:ERROR:in_progress_cache_impl.cc(191)] Cache is not initialized, cannot RetrieveEntry.
8월 24, 2018 16:35:45.36 [6908:6424:0824/163545.309:ERROR:in_progress_cache_impl.cc(191)] Cache is not initialized, cannot RetrieveEntry.
8월 24, 2018 16:35:45.36 [6908:6424:0824/163545.309:ERROR:in_progress_cache_impl.cc(191)] Cache is not initialized, cannot RetrieveEntry.
8월 24, 2018 16:35:45.36 [6908:6424:0824/163545.309:ERROR:in_progress_cache_impl.cc(191)] Cache is not initialized, cannot RetrieveEntry.
8월 24, 2018 16:35:45.36 [6908:6424:0824/163545.309:ERROR:in_progress_cache_impl.cc(191)] Cache is not initialized, cannot RetrieveEntry.
8월 24, 2018 16:36:30.31 Unable to read VR Path Registry from C:\Users\student\AppData\Local\openvr\openvrpaths.vrpath
8월 24, 2018 16:40:24.97 [5292:1176:0824/164024.977:ERROR:in_progress_cache_impl.cc(191)] Cache is not initialized, cannot RetrieveEntry.
8월 24, 2018 16:40:24.97 [5292:1176:0824/164024.977:ERROR:in_progress_cache_impl.cc(191)] Cache is not initialized, cannot RetrieveEntry.
8월 24, 2018 16:40:24.98 [5292:1176:0824/164024.977:ERROR:in_progress_cache_impl.cc(191)] Cache is not initialized, cannot RetrieveEntry.
8월 24, 2018 16:40:24.98 [5292:1176:0824/164024.977:ERROR:in_progress_cache_impl.cc(191)] Cache is not initialized, cannot RetrieveEntry.
8월 24, 2018 16:40:24.98 [5292:1176:0824/164024.977:ERROR:in_progress_cache_impl.cc(191)] Cache is not initialized, cannot RetrieveEntry.
8월 24, 2018 16:40:24.98 [5292:1176:0824/164024.977:ERROR:in_progress_cache_impl.cc(191)] Cache is not initialized, cannot RetrieveEntry.
8월 24, 2018 16:46:37.28 [7156:5324:0824/164637.287:ERROR:in_progress_cache_impl.cc(191)] Cache is not initialized, cannot RetrieveEntry.
8월 24, 2018 16:46:37.28 [7156:5324:0824/164637.287:ERROR:in_progress_cache_impl.cc(191)] Cache is not initialized, cannot RetrieveEntry.
8월 24, 2018 16:46:37.29 [7156:5324:0824/164637.287:ERROR:in_progress_cache_impl.cc(191)] Cache is not initialized, cannot RetrieveEntry.
8월 24, 2018 16:46:37.29 [7156:5324:0824/164637.287:ERROR:in_progress_cache_impl.cc(191)] Cache is not initialized, cannot RetrieveEntry.
8월 24, 2018 16:46:37.29 [7156:5324:0824/164637.287:ERROR:in_progress_cache_impl.cc(191)] Cache is not initialized, cannot RetrieveEntry.
8월 24, 2018 16:46:37.29 [7156:5324:0824/164637.287:ERROR:in_progress_cache_impl.cc(191)] Cache is not initialized, cannot RetrieveEntry.
8월 24, 2018 16:47:07.94 [712:5144:0824/164707.949:ERROR:in_progress_cache_impl.cc(191)] Cache is not initialized, cannot RetrieveEntry.
8월 24, 2018 16:47:07.94 [712:5144:0824/164707.949:ERROR:in_progress_cache_impl.cc(191)] Cache is not initialized, cannot RetrieveEntry.
8월 24, 2018 16:47:07.94 [712:5144:0824/164707.949:ERROR:in_progress_cache_impl.cc(191)] Cache is not initialized, cannot RetrieveEntry.
8월 24, 2018 16:47:07.94 [712:5144:0824/164707.949:ERROR:in_progress_cache_impl.cc(191)] Cache is not initialized, cannot RetrieveEntry.
8월 24, 2018 16:47:07.94 [712:5144:0824/164707.949:ERROR:in_progress_cache_impl.cc(191)] Cache is not initialized, cannot RetrieveEntry.
8월 24, 2018 16:47:07.94 [712:5144:0824/164707.949:ERROR:in_progress_cache_impl.cc(191)] Cache is not initialized, cannot RetrieveEntry.
8월 24, 2018 16:47:18.21 [712:6128:0824/164718.217:ERROR:service_manager_context.cc(250)] Attempting to run unsupported native service: C:\Program Files (x86)\Google\Chrome\Application\68.0.3440.106\chrome_renderer.service.exe
8월 24, 2018 16:47:18.21 [712:6128:0824/164718.217:ERROR:service_manager_context.cc(250)] Attempting to run unsupported native service: C:\Program Files (x86)\Google\Chrome\Application\68.0.3440.106\chrome_renderer.service.exe
8월 24, 2018 16:47:18.21 [712:6128:0824/164718.218:ERROR:service_manager_context.cc(250)] Attempting to run unsupported native service: C:\Program Files (x86)\Google\Chrome\Application\68.0.3440.106\chrome_renderer.service.exe
8월 24, 2018 16:47:18.22 [712:6128:0824/164718.218:ERROR:service_manager_context.cc(250)] Attempting to run unsupported native service: C:\Program Files (x86)\Google\Chrome\Application\68.0.3440.106\chrome_renderer.service.exe
8월 24, 2018 16:47:25.61 [6640:5764:0824/164725.616:ERROR:in_progress_cache_impl.cc(191)] Cache is not initialized, cannot RetrieveEntry.
8월 24, 2018 16:47:25.61 [6640:5764:0824/164725.616:ERROR:in_progress_cache_impl.cc(191)] Cache is not initialized, cannot RetrieveEntry.
8월 24, 2018 16:47:25.61 [6640:5764:0824/164725.616:ERROR:in_progress_cache_impl.cc(191)] Cache is not initialized, cannot RetrieveEntry.
8월 24, 2018 16:47:25.61 [6640:5764:0824/164725.616:ERROR:in_progress_cache_impl.cc(191)] Cache is not initialized, cannot RetrieveEntry.
8월 24, 2018 16:47:25.62 [6640:5764:0824/164725.616:ERROR:in_progress_cache_impl.cc(191)] Cache is not initialized, cannot RetrieveEntry.
8월 24, 2018 16:47:25.62 [6640:5764:0824/164725.616:ERROR:in_progress_cache_impl.cc(191)] Cache is not initialized, cannot RetrieveEntry.
8월 24, 2018 16:49:30.80 Unable to read VR Path Registry from C:\Users\student\AppData\Local\openvr\openvrpaths.vrpath
8월 24, 2018 16:51:35.11 [5908:5764:0824/165135.116:ERROR:in_progress_cache_impl.cc(191)] Cache is not initialized, cannot RetrieveEntry.
8월 24, 2018 16:51:35.11 [5908:5764:0824/165135.116:ERROR:in_progress_cache_impl.cc(191)] Cache is not initialized, cannot RetrieveEntry.
8월 24, 2018 16:51:35.12 [5908:5764:0824/165135.116:ERROR:in_progress_cache_impl.cc(191)] Cache is not initialized, cannot RetrieveEntry.
8월 24, 2018 16:51:35.12 [5908:5764:0824/165135.116:ERROR:in_progress_cache_impl.cc(191)] Cache is not initialized, cannot RetrieveEntry.
8월 24, 2018 16:51:35.12 [5908:5764:0824/165135.116:ERROR:in_progress_cache_impl.cc(191)] Cache is not initialized, cannot RetrieveEntry.
8월 24, 2018 16:51:35.12 [5908:5764:0824/165135.116:ERROR:in_progress_cache_impl.cc(191)] Cache is not initialized, cannot RetrieveEntry.
8월 24, 2018 16:52:20.66 [6940:2412:0824/165220.667:ERROR:in_progress_cache_impl.cc(191)] Cache is not initialized, cannot RetrieveEntry.
8월 24, 2018 16:52:20.66 [6940:2412:0824/165220.667:ERROR:in_progress_cache_impl.cc(191)] Cache is not initialized, cannot RetrieveEntry.
8월 24, 2018 16:52:20.66 [6940:2412:0824/165220.667:ERROR:in_progress_cache_impl.cc(191)] Cache is not initialized, cannot RetrieveEntry.
8월 24, 2018 16:52:20.66 [6940:2412:0824/165220.667:ERROR:in_progress_cache_impl.cc(191)] Cache is not initialized, cannot RetrieveEntry.
8월 24, 2018 16:52:20.66 [6940:2412:0824/165220.667:ERROR:in_progress_cache_impl.cc(191)] Cache is not initialized, cannot RetrieveEntry.
8월 24, 2018 16:52:20.66 [6940:2412:0824/165220.667:ERROR:in_progress_cache_impl.cc(191)] Cache is not initialized, cannot RetrieveEntry.
8월 24, 2018 16:52:54.53 [4672:4488:0824/165254.535:ERROR:in_progress_cache_impl.cc(191)] Cache is not initialized, cannot RetrieveEntry.
8월 24, 2018 16:52:54.53 [4672:4488:0824/165254.535:ERROR:in_progress_cache_impl.cc(191)] Cache is not initialized, cannot RetrieveEntry.
8월 24, 2018 16:52:54.54 [4672:4488:0824/165254.535:ERROR:in_progress_cache_impl.cc(191)] Cache is not initialized, cannot RetrieveEntry.
8월 24, 2018 16:52:54.54 [4672:4488:0824/165254.535:ERROR:in_progress_cache_impl.cc(191)] Cache is not initialized, cannot RetrieveEntry.
8월 24, 2018 16:52:54.54 [4672:4488:0824/165254.535:ERROR:in_progress_cache_impl.cc(191)] Cache is not initialized, cannot RetrieveEntry.
8월 24, 2018 16:52:54.54 [4672:4488:0824/165254.535:ERROR:in_progress_cache_impl.cc(191)] Cache is not initialized, cannot RetrieveEntry.
8월 24, 2018 16:53:39.54 Unable to read VR Path Registry from C:\Users\student\AppData\Local\openvr\openvrpaths.vrpath
8월 24, 2018 17:18:49.33 Unable to read VR Path Registry from C:\Users\student\AppData\Local\openvr\openvrpaths.vrpath

8월 28, 2018 09:10:08.35 NEW SESSION
8월 28, 2018 09:10:08.35 [4952:5096:0828/091008.311:ERROR:in_progress_cache_impl.cc(191)] Cache is not initialized, cannot RetrieveEntry.
8월 28, 2018 09:10:08.90 [4952:5096:0828/091008.311:ERROR:in_progress_cache_impl.cc(191)] Cache is not initialized, cannot RetrieveEntry.
8월 28, 2018 09:10:08.90 [4952:5096:0828/091008.311:ERROR:in_progress_cache_impl.cc(191)] Cache is not initialized, cannot RetrieveEntry.
8월 28, 2018 09:10:08.90 [4952:5096:0828/091008.311:ERROR:in_progress_cache_impl.cc(191)] Cache is not initialized, cannot RetrieveEntry.
8월 28, 2018 09:10:08.90 [4952:5096:0828/091008.311:ERROR:in_progress_cache_impl.cc(191)] Cache is not initialized, cannot RetrieveEntry.
8월 28, 2018 09:10:08.90 [4952:5096:0828/091008.311:ERROR:in_progress_cache_impl.cc(191)] Cache is not initialized, cannot RetrieveEntry.
8월 28, 2018 09:10:53.30 Unable to read VR Path Registry from C:\Users\student\AppData\Local\openvr\openvrpaths.vrpath
8월 28, 2018 09:15:02.12 [2080:1444:0828/091502.121:ERROR:in_progress_cache_impl.cc(191)] Cache is not initialized, cannot RetrieveEntry.
8월 28, 2018 09:15:02.15 [2080:1444:0828/091502.121:ERROR:in_progress_cache_impl.cc(191)] Cache is not initialized, cannot RetrieveEntry.
8월 28, 2018 09:15:02.15 [2080:1444:0828/091502.121:ERROR:in_progress_cache_impl.cc(191)] Cache is not initialized, cannot RetrieveEntry.
8월 28, 2018 09:15:02.15 [2080:1444:0828/091502.121:ERROR:in_progress_cache_impl.cc(191)] Cache is not initialized, cannot RetrieveEntry.
8월 28, 2018 09:15:02.16 [2080:1444:0828/091502.121:ERROR:in_progress_cache_impl.cc(191)] Cache is not initialized, cannot RetrieveEntry.
8월 28, 2018 09:15:02.16 [2080:1444:0828/091502.121:ERROR:in_progress_cache_impl.cc(191)] Cache is not initialized, cannot RetrieveEntry.
8월 28, 2018 09:15:47.11 Unable to read VR Path Registry from C:\Users\student\AppData\Local\openvr\openvrpaths.vrpath
8월 28, 2018 10:16:16.16 Unable to read VR Path Registry from C:\Users\student\AppData\Local\openvr\openvrpaths.vrpath
8월 28, 2018 10:25:24.20 Unable to read VR Path Registry from C:\Users\student\AppData\Local\openvr\openvrpaths.vrpath

8월 28, 2018 10:29:53.09 NEW SESSION
8월 28, 2018 10:29:53.09 Unable to read VR Path Registry from C:\Users\student\AppData\Local\openvr\openvrpaths.vrpath

8월 28, 2018 14:21:26.43 NEW SESSION
8월 28, 2018 14:21:26.44 Unable to read VR Path Registry from C:\Users\student\AppData\Local\openvr\openvrpaths.vrpath

8월 30, 2018 09:13:44.83 NEW SESSION
8월 30, 2018 09:13:44.83 [2268:3208:0830/091344.792:ERROR:in_progress_cache_impl.cc(191)] Cache is not initialized, cannot RetrieveEntry.
8월 30, 2018 09:13:44.83 [2268:3208:0830/091344.792:ERROR:in_progress_cache_impl.cc(191)] Cache is not initialized, cannot RetrieveEntry.
8월 30, 2018 09:13:44.83 [2268:3208:0830/091344.792:ERROR:in_progress_cache_impl.cc(191)] Cache is not initialized, cannot RetrieveEntry.
8월 30, 2018 09:13:44.83 [2268:3208:0830/091344.792:ERROR:in_progress_cache_impl.cc(191)] Cache is not initialized, cannot RetrieveEntry.
8월 30, 2018 09:13:44.83 [2268:3208:0830/091344.792:ERROR:in_progress_cache_impl.cc(191)] Cache is not initialized, cannot RetrieveEntry.
8월 30, 2018 09:13:44.83 [2268:3208:0830/091344.792:ERROR:in_progress_cache_impl.cc(191)] Cache is not initialized, cannot RetrieveEntry.
8월 30, 2018 09:14:29.79 Unable to read VR Path Registry from C:\Users\student\AppData\Local\openvr\openvrpaths.vrpath
8월 30, 2018 09:18:01.40 Unable to read VR Path Registry from C:\Users\student\AppData\Local\openvr\openvrpaths.vrpath
8월 30, 2018 09:34:36.36 [1476:4732:0830/093436.366:ERROR:in_progress_cache_impl.cc(191)] Cache is not initialized, cannot RetrieveEntry.
8월 30, 2018 09:34:36.38 [1476:4732:0830/093436.366:ERROR:in_progress_cache_impl.cc(191)] Cache is not initialized, cannot RetrieveEntry.
8월 30, 2018 09:34:36.38 [1476:4732:0830/093436.366:ERROR:in_progress_cache_impl.cc(191)] Cache is not initialized, cannot RetrieveEntry.
8월 30, 2018 09:34:36.38 [1476:4732:0830/093436.366:ERROR:in_progress_cache_impl.cc(191)] Cache is not initialized, cannot RetrieveEntry.
8월 30, 2018 09:34:36.38 [1476:4732:0830/093436.366:ERROR:in_progress_cache_impl.cc(191)] Cache is not initialized, cannot RetrieveEntry.
8월 30, 2018 09:34:36.38 [1476:4732:0830/093436.366:ERROR:in_progress_cache_impl.cc(191)] Cache is not initialized, cannot RetrieveEntry.
8월 30, 2018 09:35:21.37 Unable to read VR Path Registry from C:\Users\student\AppData\Local\openvr\openvrpaths.vrpath
8월 30, 2018 09:38:34.44 [2936:4196:0830/093834.448:ERROR:in_progress_cache_impl.cc(191)] Cache is not initialized, cannot RetrieveEntry.
8월 30, 2018 09:38:34.44 [2936:4196:0830/093834.448:ERROR:in_progress_cache_impl.cc(191)] Cache is not initialized, cannot RetrieveEntry.
8월 30, 2018 09:38:34.46 [2936:4196:0830/093834.448:ERROR:in_progress_cache_impl.cc(191)] Cache is not initialized, cannot RetrieveEntry.
8월 30, 2018 09:38:34.46 [2936:4196:0830/093834.448:ERROR:in_progress_cache_impl.cc(191)] Cache is not initialized, cannot RetrieveEntry.
8월 30, 2018 09:38:34.46 [2936:4196:0830/093834.448:ERROR:in_progress_cache_impl.cc(191)] Cache is not initialized, cannot RetrieveEntry.
8월 30, 2018 09:38:34.46 [2936:4196:0830/093834.448:ERROR:in_progress_cache_impl.cc(191)] Cache is not initialized, cannot RetrieveEntry.
8월 30, 2018 09:39:19.44 Unable to read VR Path Registry from C:\Users\student\AppData\Local\openvr\openvrpaths.vrpath
8월 30, 2018 09:40:40.00 [4308:4448:0830/094040.001:ERROR:in_progress_cache_impl.cc(191)] Cache is not initialized, cannot RetrieveEntry.
8월 30, 2018 09:40:40.00 [4308:4448:0830/094040.001:ERROR:in_progress_cache_impl.cc(191)] Cache is not initialized, cannot RetrieveEntry.
8월 30, 2018 09:40:40.00 [4308:4448:0830/094040.001:ERROR:in_progress_cache_impl.cc(191)] Cache is not initialized, cannot RetrieveEntry.
8월 30, 2018 09:40:40.00 [4308:4448:0830/094040.001:ERROR:in_progress_cache_impl.cc(191)] Cache is not initialized, cannot RetrieveEntry.
8월 30, 2018 09:40:40.00 [4308:4448:0830/094040.001:ERROR:in_progress_cache_impl.cc(191)] Cache is not initialized, cannot RetrieveEntry.
8월 30, 2018 09:40:40.01 [4308:4448:0830/094040.001:ERROR:in_progress_cache_impl.cc(191)] Cache is not initialized, cannot RetrieveEntry.
8월 30, 2018 09:41:20.56 [476:1124:0830/094120.561:ERROR:in_progress_cache_impl.cc(191)] Cache is not initialized, cannot RetrieveEntry.
8월 30, 2018 09:41:20.56 [476:1124:0830/094120.561:ERROR:in_progress_cache_impl.cc(191)] Cache is not initialized, cannot RetrieveEntry.
8월 30, 2018 09:41:20.56 [476:1124:0830/094120.561:ERROR:in_progress_cache_impl.cc(191)] Cache is not initialized, cannot RetrieveEntry.
8월 30, 2018 09:41:20.56 [476:1124:0830/094120.561:ERROR:in_progress_cache_impl.cc(191)] Cache is not initialized, cannot RetrieveEntry.
8월 30, 2018 09:41:20.56 [476:1124:0830/094120.561:ERROR:in_progress_cache_impl.cc(191)] Cache is not initialized, cannot RetrieveEntry.
8월 30, 2018 09:41:20.56 [476:1124:0830/094120.561:ERROR:in_progress_cache_impl.cc(191)] Cache is not initialized, cannot RetrieveEntry.
8월 30, 2018 09:42:08.13 [4244:2268:0830/094208.104:ERROR:in_progress_cache_impl.cc(191)] Cache is not initialized, cannot RetrieveEntry.
8월 30, 2018 09:42:08.13 [4244:2268:0830/094208.104:ERROR:in_progress_cache_impl.cc(191)] Cache is not initialized, cannot RetrieveEntry.
8월 30, 2018 09:42:08.13 [4244:2268:0830/094208.104:ERROR:in_progress_cache_impl.cc(191)] Cache is not initialized, cannot RetrieveEntry.
8월 30, 2018 09:42:08.13 [4244:2268:0830/094208.104:ERROR:in_progress_cache_impl.cc(191)] Cache is not initialized, cannot RetrieveEntry.
8월 30, 2018 09:42:08.13 [4244:2268:0830/094208.104:ERROR:in_progress_cache_impl.cc(191)] Cache is not initialized, cannot RetrieveEntry.
8월 30, 2018 09:42:08.13 [4244:2268:0830/094208.104:ERROR:in_progress_cache_impl.cc(191)] Cache is not initialized, cannot RetrieveEntry.
8월 30, 2018 09:51:01.72 [3140:3816:0830/095101.724:ERROR:in_progress_cache_impl.cc(191)] Cache is not initialized, cannot RetrieveEntry.
8월 30, 2018 09:51:01.72 [3140:3816:0830/095101.724:ERROR:in_progress_cache_impl.cc(191)] Cache is not initialized, cannot RetrieveEntry.
8월 30, 2018 09:51:01.72 [3140:3816:0830/095101.724:ERROR:in_progress_cache_impl.cc(191)] Cache is not initialized, cannot RetrieveEntry.
8월 30, 2018 09:51:01.72 [3140:3816:0830/095101.724:ERROR:in_progress_cache_impl.cc(191)] Cache is not initialized, cannot RetrieveEntry.
8월 30, 2018 09:51:01.72 [3140:3816:0830/095101.724:ERROR:in_progress_cache_impl.cc(191)] Cache is not initialized, cannot RetrieveEntry.
8월 30, 2018 09:51:01.72 [3140:3816:0830/095101.724:ERROR:in_progress_cache_impl.cc(191)] Cache is not initialized, cannot RetrieveEntry.
8월 30, 2018 09:51:46.69 Unable to read VR Path Registry from C:\Users\student\AppData\Local\openvr\openvrpaths.vrpath
8월 30, 2018 10:25:02.63 [4588:2244:0830/102502.636:ERROR:in_progress_cache_impl.cc(191)] Cache is not initialized, cannot RetrieveEntry.
8월 30, 2018 10:25:02.63 [4588:2244:0830/102502.636:ERROR:in_progress_cache_impl.cc(191)] Cache is not initialized, cannot RetrieveEntry.
8월 30, 2018 10:25:02.63 [4588:2244:0830/102502.636:ERROR:in_progress_cache_impl.cc(191)] Cache is not initialized, cannot RetrieveEntry.
8월 30, 2018 10:25:02.63 [4588:2244:0830/102502.636:ERROR:in_progress_cache_impl.cc(191)] Cache is not initialized, cannot RetrieveEntry.
8월 30, 2018 10:25:02.63 [4588:2244:0830/102502.636:ERROR:in_progress_cache_impl.cc(191)] Cache is not initialized, cannot RetrieveEntry.
8월 30, 2018 10:25:02.63 [4588:2244:0830/102502.636:ERROR:in_progress_cache_impl.cc(191)] Cache is not initialized, cannot RetrieveEntry.
8월 30, 2018 10:25:47.64 Unable to read VR Path Registry from C:\Users\student\AppData\Local\openvr\openvrpaths.vrpath
8월 30, 2018 15:45:16.17 Unable to read VR Path Registry from C:\Users\student\AppData\Local\openvr\openvrpaths.vrpath

8월 31, 2018 09:03:06.82 NEW SESSION
8월 31, 2018 09:03:06.82 Unable to read VR Path Registry from C:\Users\student\AppData\Local\openvr\openvrpaths.vrpath
8월 31, 2018 09:39:16.89 [5008:5100:0831/093916.884:ERROR:in_progress_cache_impl.cc(191)] Cache is not initialized, cannot RetrieveEntry.
8월 31, 2018 09:39:16.90 [5008:5100:0831/093916.884:ERROR:in_progress_cache_impl.cc(191)] Cache is not initialized, cannot RetrieveEntry.
8월 31, 2018 09:39:16.90 [5008:5100:0831/093916.884:ERROR:in_progress_cache_impl.cc(191)] Cache is not initialized, cannot RetrieveEntry.
8월 31, 2018 09:39:16.90 [5008:5100:0831/093916.884:ERROR:in_progress_cache_impl.cc(191)] Cache is not initialized, cannot RetrieveEntry.
8월 31, 2018 09:39:16.90 [5008:5100:0831/093916.884:ERROR:in_progress_cache_impl.cc(191)] Cache is not initialized, cannot RetrieveEntry.
8월 31, 2018 09:39:16.90 [5008:5100:0831/093916.884:ERROR:in_progress_cache_impl.cc(191)] Cache is not initialized, cannot RetrieveEntry.
8월 31, 2018 09:39:16.90 [5008:5100:0831/093916.884:ERROR:in_progress_cache_impl.cc(191)] Cache is not initialized, cannot RetrieveEntry.
8월 31, 2018 09:39:16.90 [5008:5100:0831/093916.884:ERROR:in_progress_cache_impl.cc(191)] Cache is not initialized, cannot RetrieveEntry.
8월 31, 2018 09:40:01.87 Unable to read VR Path Registry from C:\Users\student\AppData\Local\openvr\openvrpaths.vrpath
8월 31, 2018 11:26:08.90 [5008:4204:0831/112608.900:ERROR:audio_manager_base.cc(361)] Invalid audio output parameters received; using fake audio path: format: 0 channel_layout: 0 channels: 0 sample_rate: 0 frames_per_buffer: 0 effects: 0 mic_positions: 
8월 31, 2018 11:26:12.24 [5008:516:0831/112612.244:ERROR:ssl_client_socket_impl.cc(996)] handshake failed; returned -1, SSL error code 1, net_error -100
8월 31, 2018 11:26:12.46 [5008:516:0831/112612.464:ERROR:ssl_client_socket_impl.cc(996)] handshake failed; returned -1, SSL error code 1, net_error -100
8월 31, 2018 11:27:17.28 [5008:4204:0831/112717.280:ERROR:audio_manager_base.cc(361)] Invalid audio output parameters received; using fake audio path: format: 0 channel_layout: 0 channels: 0 sample_rate: 0 frames_per_buffer: 0 effects: 0 mic_positions: 

9월 03, 2018 09:16:27.49 NEW SESSION
9월 03, 2018 09:16:27.49 Unable to read VR Path Registry from C:\Users\student\AppData\Local\openvr\openvrpaths.vrpath
9월 03, 2018 10:08:31.58 [4492:212:0903/100831.568:ERROR:in_progress_cache_impl.cc(191)] Cache is not initialized, cannot RetrieveEntry.
9월 03, 2018 10:08:31.59 [4492:212:0903/100831.568:ERROR:in_progress_cache_impl.cc(191)] Cache is not initialized, cannot RetrieveEntry.
9월 03, 2018 10:08:31.59 [4492:212:0903/100831.568:ERROR:in_progress_cache_impl.cc(191)] Cache is not initialized, cannot RetrieveEntry.
9월 03, 2018 10:08:31.64 [4492:212:0903/100831.568:ERROR:in_progress_cache_impl.cc(191)] Cache is not initialized, cannot RetrieveEntry.
9월 03, 2018 10:08:31.66 [4492:212:0903/100831.568:ERROR:in_progress_cache_impl.cc(191)] Cache is not initialized, cannot RetrieveEntry.
9월 03, 2018 10:08:31.69 [4492:212:0903/100831.568:ERROR:in_progress_cache_impl.cc(191)] Cache is not initialized, cannot RetrieveEntry.
9월 03, 2018 10:08:31.70 [4492:212:0903/100831.568:ERROR:in_progress_cache_impl.cc(191)] Cache is not initialized, cannot RetrieveEntry.
9월 03, 2018 10:08:31.70 [4492:212:0903/100831.568:ERROR:in_progress_cache_impl.cc(191)] Cache is not initialized, cannot RetrieveEntry.
9월 03, 2018 10:08:31.70 [4492:212:0903/100831.568:ERROR:in_progress_cache_impl.cc(191)] Cache is not initialized, cannot RetrieveEntry.
9월 03, 2018 10:09:16.54 Unable to read VR Path Registry from C:\Users\student\AppData\Local\openvr\openvrpaths.vrpath
9월 03, 2018 10:24:00.48 Unable to read VR Path Registry from C:\Users\student\AppData\Local\openvr\openvrpaths.vrpath
